\BOOKMARK [1][-]{section.1}{\376\377\000I\000n\000t\000r\000o\000d\000u\000c\000t\000i\000o\000n}{}% 1
\BOOKMARK [2][-]{subsection.1.1}{\376\377\000M\000o\000t\000i\000v\000a\000t\000i\000o\000n}{section.1}% 2
\BOOKMARK [2][-]{subsection.1.2}{\376\377\000S\000c\000o\000p\000e\000\040\000o\000f\000\040\000T\000h\000i\000s\000\040\000D\000o\000c\000u\000m\000e\000n\000t}{section.1}% 3
\BOOKMARK [1][-]{section.2}{\376\377\000R\000e\000l\000a\000t\000e\000d\000\040\000W\000o\000r\000k}{}% 4
\BOOKMARK [2][-]{subsection.2.1}{\376\377\000T\000r\000e\000e\000\040\000o\000f\000\040\000T\000h\000o\000u\000g\000h\000t\000s}{section.2}% 5
\BOOKMARK [2][-]{subsection.2.2}{\376\377\000G\000r\000a\000p\000h\000\040\000o\000f\000\040\000T\000h\000o\000u\000g\000h\000t\000s}{section.2}% 6
\BOOKMARK [2][-]{subsection.2.3}{\376\377\000R\000e\000a\000s\000o\000n\000i\000n\000g\000\040\000v\000i\000a\000\040\000P\000l\000a\000n\000n\000i\000n\000g}{section.2}% 7
\BOOKMARK [2][-]{subsection.2.4}{\376\377\000S\000e\000l\000f\000-\000C\000o\000n\000s\000i\000s\000t\000e\000n\000c\000y}{section.2}% 8
\BOOKMARK [1][-]{section.3}{\376\377\000S\000t\000a\000t\000e\000\040\000M\000a\000n\000a\000g\000e\000m\000e\000n\000t\000\040\000A\000c\000t\000i\000o\000n\000s}{}% 9
\BOOKMARK [2][-]{subsection.3.1}{\376\377\000C\000o\000m\000p\000r\000e\000s\000s\000\040\000A\000c\000t\000i\000o\000n}{section.3}% 10
\BOOKMARK [3][-]{subsubsection.3.1.1}{\376\377\000A\000c\000t\000i\000o\000n\000\040\000S\000p\000a\000c\000e\000\040\000E\000x\000t\000e\000n\000s\000i\000o\000n}{subsection.3.1}% 11
\BOOKMARK [3][-]{subsubsection.3.1.2}{\376\377\000D\000e\000s\000i\000g\000n\000\040\000C\000o\000n\000s\000i\000d\000e\000r\000a\000t\000i\000o\000n\000s}{subsection.3.1}% 12
\BOOKMARK [3][-]{subsubsection.3.1.3}{\376\377\000I\000m\000p\000l\000e\000m\000e\000n\000t\000a\000t\000i\000o\000n\000\040\000S\000k\000e\000t\000c\000h}{subsection.3.1}% 13
\BOOKMARK [2][-]{subsection.3.2}{\376\377\000V\000e\000r\000i\000f\000y\000\040\000A\000c\000t\000i\000o\000n}{section.3}% 14
\BOOKMARK [3][-]{subsubsection.3.2.1}{\376\377\000O\000p\000e\000n\000\040\000Q\000u\000e\000s\000t\000i\000o\000n\000s}{subsection.3.2}% 15
\BOOKMARK [2][-]{subsection.3.3}{\376\377\000B\000a\000c\000k\000t\000r\000a\000c\000k\000\040\000A\000c\000t\000i\000o\000n}{section.3}% 16
\BOOKMARK [3][-]{subsubsection.3.3.1}{\376\377\000T\000r\000i\000g\000g\000e\000r\000i\000n\000g\000\040\000C\000o\000n\000d\000i\000t\000i\000o\000n\000s}{subsection.3.3}% 17
\BOOKMARK [1][-]{section.4}{\376\377\000P\000r\000o\000b\000l\000e\000m\000\040\000D\000e\000c\000o\000m\000p\000o\000s\000i\000t\000i\000o\000n}{}% 18
\BOOKMARK [2][-]{subsection.4.1}{\376\377\000D\000e\000c\000o\000m\000p\000o\000s\000e\000\040\000A\000c\000t\000i\000o\000n}{section.4}% 19
\BOOKMARK [3][-]{subsubsection.4.1.1}{\376\377\000S\000t\000r\000u\000c\000t\000u\000r\000a\000l\000\040\000I\000m\000p\000l\000i\000c\000a\000t\000i\000o\000n\000s}{subsection.4.1}% 20
\BOOKMARK [2][-]{subsection.4.2}{\376\377\000R\000e\000c\000u\000r\000s\000i\000v\000e\000\040\000M\000C\000T\000S}{section.4}% 21
\BOOKMARK [3][-]{subsubsection.4.2.1}{\376\377\000O\000p\000e\000n\000\040\000Q\000u\000e\000s\000t\000i\000o\000n\000s}{subsection.4.2}% 22
\BOOKMARK [2][-]{subsection.4.3}{\376\377\000A\000g\000g\000r\000e\000g\000a\000t\000i\000o\000n}{section.4}% 23
\BOOKMARK [1][-]{section.5}{\376\377\000B\000e\000y\000o\000n\000d\000\040\000T\000r\000e\000e\000s\000:\000\040\000G\000r\000a\000p\000h\000-\000B\000a\000s\000e\000d\000\040\000R\000e\000a\000s\000o\000n\000i\000n\000g}{}% 24
\BOOKMARK [2][-]{subsection.5.1}{\376\377\000L\000i\000m\000i\000t\000a\000t\000i\000o\000n\000s\000\040\000o\000f\000\040\000T\000r\000e\000e\000\040\000S\000t\000r\000u\000c\000t\000u\000r\000e}{section.5}% 25
\BOOKMARK [3][-]{subsubsection.5.1.1}{\376\377\000P\000r\000o\000b\000l\000e\000m\000\040\000D\000e\000c\000o\000m\000p\000o\000s\000i\000t\000i\000o\000n}{subsection.5.1}% 26
\BOOKMARK [3][-]{subsubsection.5.1.2}{\376\377\000C\000r\000i\000t\000i\000q\000u\000e\000-\000R\000e\000v\000i\000s\000i\000o\000n\000\040\000C\000y\000c\000l\000e\000s}{subsection.5.1}% 27
\BOOKMARK [3][-]{subsubsection.5.1.3}{\376\377\000C\000r\000o\000s\000s\000-\000P\000a\000t\000h\000\040\000I\000n\000f\000o\000r\000m\000a\000t\000i\000o\000n\000\040\000S\000h\000a\000r\000i\000n\000g}{subsection.5.1}% 28
\BOOKMARK [2][-]{subsection.5.2}{\376\377\000D\000i\000r\000e\000c\000t\000e\000d\000\040\000A\000c\000y\000c\000l\000i\000c\000\040\000G\000r\000a\000p\000h\000s\000\040\000\050\000D\000A\000G\000s\000\051}{section.5}% 29
\BOOKMARK [3][-]{subsubsection.5.2.1}{\376\377\000D\000A\000G\000\040\000B\000a\000c\000k\000p\000r\000o\000p\000a\000g\000a\000t\000i\000o\000n}{subsection.5.2}% 30
\BOOKMARK [2][-]{subsection.5.3}{\376\377\000H\000y\000p\000e\000r\000g\000r\000a\000p\000h\000\040\000S\000t\000r\000u\000c\000t\000u\000r\000e\000s}{section.5}% 31
\BOOKMARK [1][-]{section.6}{\376\377\000A\000l\000g\000o\000r\000i\000t\000h\000m\000\040\000V\000a\000r\000i\000a\000n\000t\000s}{}% 32
\BOOKMARK [2][-]{subsection.6.1}{\376\377\000P\000r\000o\000g\000r\000e\000s\000s\000i\000v\000e\000\040\000W\000i\000d\000e\000n\000i\000n\000g}{section.6}% 33
\BOOKMARK [2][-]{subsection.6.2}{\376\377\000R\000A\000V\000E\000\040\000\050\000R\000a\000p\000i\000d\000\040\000A\000c\000t\000i\000o\000n\000\040\000V\000a\000l\000u\000e\000\040\000E\000s\000t\000i\000m\000a\000t\000i\000o\000n\000\051}{section.6}% 34
\BOOKMARK [2][-]{subsection.6.3}{\376\377\000P\000a\000r\000a\000l\000l\000e\000l\000\040\000M\000C\000T\000S}{section.6}% 35
\BOOKMARK [2][-]{subsection.6.4}{\376\377\000L\000e\000a\000r\000n\000e\000d\000\040\000C\000o\000m\000p\000o\000n\000e\000n\000t\000s}{section.6}% 36
\BOOKMARK [3][-]{subsubsection.6.4.1}{\376\377\000V\000a\000l\000u\000e\000\040\000N\000e\000t\000w\000o\000r\000k\000s}{subsection.6.4}% 37
\BOOKMARK [3][-]{subsubsection.6.4.2}{\376\377\000P\000o\000l\000i\000c\000y\000\040\000N\000e\000t\000w\000o\000r\000k\000s}{subsection.6.4}% 38
\BOOKMARK [2][-]{subsection.6.5}{\376\377\000B\000e\000a\000m\000\040\000S\000e\000a\000r\000c\000h\000\040\000H\000y\000b\000r\000i\000d}{section.6}% 39
\BOOKMARK [1][-]{section.7}{\376\377\000O\000p\000e\000n\000\040\000Q\000u\000e\000s\000t\000i\000o\000n\000s}{}% 40
\BOOKMARK [2][-]{subsection.7.1}{\376\377\000A\000c\000t\000i\000o\000n\000\040\000S\000e\000l\000e\000c\000t\000i\000o\000n}{section.7}% 41
\BOOKMARK [2][-]{subsection.7.2}{\376\377\000D\000e\000c\000o\000m\000p\000o\000s\000i\000t\000i\000o\000n}{section.7}% 42
\BOOKMARK [2][-]{subsection.7.3}{\376\377\000G\000r\000a\000p\000h\000\040\000S\000t\000r\000u\000c\000t\000u\000r\000e\000s}{section.7}% 43
\BOOKMARK [2][-]{subsection.7.4}{\376\377\000L\000e\000a\000r\000n\000i\000n\000g}{section.7}% 44
\BOOKMARK [2][-]{subsection.7.5}{\376\377\000E\000v\000a\000l\000u\000a\000t\000i\000o\000n}{section.7}% 45
\BOOKMARK [1][-]{section.8}{\376\377\000C\000o\000n\000c\000l\000u\000s\000i\000o\000n}{}% 46
